<?xml version="1.0" encoding="UTF-8"?>
<testsuite xmlns:xsi="http://www.w3.org/2001/XMLSchema-instance" xsi:noNamespaceSchemaLocation="https://maven.apache.org/surefire/maven-surefire-plugin/xsd/surefire-test-report-3.0.xsd" version="3.0" name="com.wioplay.parser.PrintTests" time="0.025" tests="2" errors="0" skipped="0" failures="0">
  <properties>
[...]
</properties>
  <testcase name="shouldSeparateCorrectly" classname="com.wioplay.parser.PrintTests" time="0.005"/>
  <testcase name="shouldListCorrectly" classname="com.wioplay.parser.PrintTests" time="0.009"/>
</testsuite>